Initial Win CP for (console input, console output, system): (CP437, CP437, CP1252)
I changed them all to CP1252
Rc files read:
  NONE
Latexmk: This is Latexmk, John Collins, 29 Mar. 2024. Version 4.84.
No existing .aux file, so I'll make a simple one, and require run of *latex.
Latexmk: applying rule 'xelatex'...
Rule 'xelatex':  Reasons for rerun
Category 'other':
  Rerun of 'xelatex' forced or previously required:
    Reason or flag: 'Initial setup'

------------
Run number 1 of rule 'xelatex'
------------
------------
Running 'xelatex -no-pdf -synctex=1 -interaction=batchmode -file-line-error -shell-escape -recorder  "sample.tex"'
------------
This is XeTeX, Version 3.141592653-2.6-0.999996 (TeX Live 2024) (preloaded format=xelatex)
 \write18 enabled.
entering extended mode

SyncTeX written on sample.synctex.gz.
Latexmk: Missing bbl file 'sample.bbl' in following:
 No file sample.bbl.
Latexmk: Getting log file 'sample.log'
Latexmk: Examining 'sample.fls'
Latexmk: Examining 'sample.log'
Latexmk: References changed.
Latexmk: References changed.
Latexmk: References changed.
Latexmk: Log file says output to 'sample.xdv'
Latexmk: Found bibliography file(s):
  ./main.bib
Latexmk: applying rule 'bibtex sample'...
Rule 'bibtex sample':  Reasons for rerun
Category 'other':
  Rerun of 'bibtex sample' forced or previously required:
    Reason or flag: 'Initial set up of rule'

------------
Run number 1 of rule 'bibtex sample'
------------
------------
Running 'bibtex  "sample.aux"'
------------
This is BibTeX, Version 0.99d (TeX Live 2024)
The top-level auxiliary file: sample.aux
The style file: qe.bst
Database file #1: main.bib
Warning--can't use both author and editor fields in b4
(There was 1 warning)
Latexmk: applying rule 'xelatex'...
Rule 'xelatex':  Reasons for rerun
Changed files or newly in use/created:
  sample.aux
  sample.bbl
  sample.out

------------
Run number 2 of rule 'xelatex'
------------
------------
Running 'xelatex -no-pdf -synctex=1 -interaction=batchmode -file-line-error -shell-escape -recorder  "sample.tex"'
------------
This is XeTeX, Version 3.141592653-2.6-0.999996 (TeX Live 2024) (preloaded format=xelatex)
 \write18 enabled.
entering extended mode

SyncTeX written on sample.synctex.gz.
Latexmk: Missing input file 'sample.brf' (or dependence on it) from following:
  No file sample.brf.
Latexmk: Getting log file 'sample.log'
Latexmk: Examining 'sample.fls'
Latexmk: Examining 'sample.log'
Latexmk: Found input bbl file 'sample.bbl'
Latexmk: References changed.
Latexmk: References changed.
Latexmk: References changed.
Latexmk: Log file says output to 'sample.xdv'
Latexmk: Found bibliography file(s):
  ./main.bib
Latexmk: applying rule 'bibtex sample'...
Rule 'bibtex sample':  Reasons for rerun
Changed files or newly in use/created:
  sample.aux

------------
Run number 2 of rule 'bibtex sample'
------------
------------
Running 'bibtex  "sample.aux"'
------------
This is BibTeX, Version 0.99d (TeX Live 2024)
The top-level auxiliary file: sample.aux
The style file: qe.bst
Database file #1: main.bib
Warning--can't use both author and editor fields in b4
(There was 1 warning)
Latexmk: applying rule 'xelatex'...
Rule 'xelatex':  Reasons for rerun
Changed files or newly in use/created:
  sample.aux
  sample.brf
  sample.out

------------
Run number 3 of rule 'xelatex'
------------
------------
Running 'xelatex -no-pdf -synctex=1 -interaction=batchmode -file-line-error -shell-escape -recorder  "sample.tex"'
------------
This is XeTeX, Version 3.141592653-2.6-0.999996 (TeX Live 2024) (preloaded format=xelatex)
 \write18 enabled.
entering extended mode

SyncTeX written on sample.synctex.gz.
Latexmk: Getting log file 'sample.log'
Latexmk: Examining 'sample.fls'
Latexmk: Examining 'sample.log'
Latexmk: Found input bbl file 'sample.bbl'
Latexmk: References changed.
Latexmk: Log file says output to 'sample.xdv'
Latexmk: Found bibliography file(s):
  ./main.bib
Latexmk: applying rule 'bibtex sample'...
Rule 'bibtex sample':  Reasons for rerun
Changed files or newly in use/created:
  sample.aux

------------
Run number 3 of rule 'bibtex sample'
------------
------------
Running 'bibtex  "sample.aux"'
------------
This is BibTeX, Version 0.99d (TeX Live 2024)
The top-level auxiliary file: sample.aux
The style file: qe.bst
Database file #1: main.bib
Warning--can't use both author and editor fields in b4
(There was 1 warning)
Latexmk: applying rule 'xelatex'...
Rule 'xelatex':  Reasons for rerun
Changed files or newly in use/created:
  sample.aux
  sample.brf

------------
Run number 4 of rule 'xelatex'
------------
------------
Running 'xelatex -no-pdf -synctex=1 -interaction=batchmode -file-line-error -shell-escape -recorder  "sample.tex"'
------------
This is XeTeX, Version 3.141592653-2.6-0.999996 (TeX Live 2024) (preloaded format=xelatex)
 \write18 enabled.
entering extended mode

SyncTeX written on sample.synctex.gz.
Latexmk: Getting log file 'sample.log'
Latexmk: Examining 'sample.fls'
Latexmk: Examining 'sample.log'
Latexmk: Found input bbl file 'sample.bbl'
Latexmk: Log file says output to 'sample.xdv'
Latexmk: Found bibliography file(s):
  ./main.bib
Latexmk: applying rule 'xdvipdfmx'...
Rule 'xdvipdfmx':  Reasons for rerun
Changed files or newly in use/created:
  sample.xdv
Category 'changed_source_rules':
  xelatex
Category 'no_dest':
  xdvipdfmx

------------
Run number 1 of rule 'xdvipdfmx'
------------
------------
Running 'xdvipdfmx -E -o "sample.pdf"  "sample.xdv"'
------------
sample.xdv -> sample.pdf
[1][2][3][4][5][6][7
xdvipdfmx:warning: Trying to include PDF file with version (1.6), which is newer than current output PDF setting (1.5).
][8]
90850 bytes written
Latexmk: ====Undefined refs and citations with line #s in .tex file:
  Label `appn' multiply defined
  Missing character: There is no è ("E8) in font cmex10!
  Missing character: There is no è ("E8) in font cmex10!
  Missing character: There is no è ("E8) in font cmex10!
  Missing character: There is no è ("E8) in font cmex10!
  Reference `e7' on page 5 undefined on input line 330
  Missing character: There is no è ("E8) in font cmex10!
Reverting Windows console CPs to (in,out) = (437,437)
Latexmk: Summary of warnings from last run of *latex:
  Latex failed to resolve 1 reference(s)
  Latex found 1 multiply defined reference(s)
  =====Latex reported missing or unavailable character(s).
=====See log file for details.
Latexmk: Errors, in force_mode: so I tried finishing targets
Collected error summary (may duplicate other messages):
  xelatex: Command for 'xelatex' gave return code 1
      Refer to 'sample.log' and/or above output for details

C:\texlive\2024\bin\windows\runscript.tlu:921: command failed with exit code 12:
perl.exe c:\texlive\2024\texmf-dist\scripts\latexmk\latexmk.pl -f -xelatex -synctex=1 -interaction=batchmode -file-line-error -latexoption="-shell-escape" sample.tex 
