This is XeTeX, Version 3.141592653-2.6-0.999993 (TeX Live 2022/dev/Debian) (preloaded format=xelatex 2024.5.9)  6 FEB 2025 14:11
entering extended mode
 \write18 enabled.
 file:line:error style messages enabled.
 %&-line parsing enabled.
**sample.tex
(./sample.tex
LaTeX2e <2021-11-15> patch level 1
L3 programming layer <2022-01-21> (./econsocart.cls
Document Class: econsocart 2022/11/21 v1.4.1, The Econometric Society Journals
(/usr/share/texlive/texmf-dist/tex/latex/etoolbox/etoolbox.sty
Package: etoolbox 2020/10/05 v2.5k e-TeX tools for LaTeX (JAW)
\etb@tempcnta=\count181
) (./econsocart.cfg
File: econsocart.cfg 2023/02/04 v1.0.5 configuration for econsocart class
) (/usr/share/texlive/texmf-dist/tex/latex/base/fix-cm.sty
Package: fix-cm 2020/11/24 v1.1t fixes to LaTeX
(/usr/share/texlive/texmf-dist/tex/latex/base/ts1enc.def
File: ts1enc.def 2001/06/05 v3.0e (jk/car/fm) Standard LaTeX file
LaTeX Font Info:    Redeclaring font encoding TS1 on input line 47.
)) (/usr/share/texlive/texmf-dist/tex/latex/graphics/graphicx.sty
Package: graphicx 2021/09/16 v1.2d Enhanced LaTeX Graphics (DPC,SPQR)
(/usr/share/texlive/texmf-dist/tex/latex/graphics/keyval.sty
Package: keyval 2014/10/28 v1.15 key=value parser (DPC)
\KV@toks@=\toks16
) (/usr/share/texlive/texmf-dist/tex/latex/graphics/graphics.sty
Package: graphics 2021/03/04 v1.4d Standard LaTeX Graphics (DPC,SPQR)
(/usr/share/texlive/texmf-dist/tex/latex/graphics/trig.sty
Package: trig 2021/08/11 v1.11 sin cos tan (DPC)
) (/usr/share/texlive/texmf-dist/tex/latex/graphics-cfg/graphics.cfg
File: graphics.cfg 2016/06/04 v1.11 sample graphics configuration
)
Package graphics Info: Driver file: xetex.def on input line 107.
(/usr/share/texlive/texmf-dist/tex/latex/graphics-def/xetex.def
File: xetex.def 2021/03/18 v5.0k Graphics/color driver for xetex
))
\Gin@req@height=\dimen138
\Gin@req@width=\dimen139
) (/usr/share/texlive/texmf-dist/tex/latex/base/fontenc.sty
Package: fontenc 2021/04/29 v2.0v Standard LaTeX package
LaTeX Font Info:    Trying to load font information for T1+lmr on input line 11
2.
(/usr/share/texmf/tex/latex/lm/t1lmr.fd
File: t1lmr.fd 2009/10/30 v1.6 Font defs for Latin Modern
)) (/usr/share/texlive/texmf-dist/tex/latex/psnfss/times.sty
Package: times 2020/03/25 PSNFSS-v9.3 (SPQR) 
) (/usr/share/texlive/texmf-dist/tex/latex/textcase/textcase.sty
Package: textcase 2019/09/14 v1.00 Text only upper/lower case changing (DPC)
) (/usr/share/texlive/texmf-dist/tex/latex/psnfss/helvet.sty
Package: helvet 2020/03/25 PSNFSS-v9.3 (WaS) 
) (/usr/share/texlive/texmf-dist/tex/latex/base/textcomp.sty
Package: textcomp 2020/02/02 v2.0n Standard LaTeX package
)
LaTeX Font Info:    Trying to load font information for T1+put on input line 46
1.
(/usr/share/texlive/texmf-dist/tex/latex/psnfss/t1put.fd
File: t1put.fd 2001/06/04 font definitions for T1/put.
) (/usr/share/texlive/texmf-dist/tex/latex/amsfonts/amssymb.sty
Package: amssymb 2013/01/14 v3.01 AMS font symbols
(/usr/share/texlive/texmf-dist/tex/latex/amsfonts/amsfonts.sty
Package: amsfonts 2013/01/14 v3.01 Basic AMSFonts support
\@emptytoks=\toks17
\symAMSa=\mathgroup4
\symAMSb=\mathgroup5
LaTeX Font Info:    Redeclaring math symbol \hbar on input line 98.
LaTeX Font Info:    Overwriting math alphabet `\mathfrak' in version `bold'
(Font)                  U/euf/m/n --> U/euf/b/n on input line 106.
)) (/usr/share/texlive/texmf-dist/tex/latex/tools/bm.sty
Package: bm 2021/04/25 v1.2e Bold Symbol Support (DPC/FMi)
\symboldoperators=\mathgroup6
Package bm Info: No bold for \OMX/cmex/m/n, using \pmb.
Package bm Info: No bold for \U/msa/m/n, using \pmb.
Package bm Info: No bold for \U/msb/m/n, using \pmb.
LaTeX Font Info:    Redeclaring math alphabet \mathbf on input line 149.
)
\@pubyear=\count182
\@copyear=\count183
\c@thanks=\count184
(/usr/share/texlive/texmf-dist/tex/latex/url/url.sty
\Urlmuskip=\muskip16
Package: url 2013/09/16  ver 3.4  Verb mode for urls, etc.
)
\c@longlist=\count185
\c@part=\count186
\c@chapter=\count187
\c@section=\count188
\c@subsection=\count189
\c@subsubsection=\count190
\c@paragraph=\count191
\c@subparagraph=\count192
(/usr/share/texlive/texmf-dist/tex/latex/amsmath/amsmath.sty
Package: amsmath 2021/10/15 v2.17l AMS math features
\@mathmargin=\skip47
For additional information on amsmath, use the `?' option.
(/usr/share/texlive/texmf-dist/tex/latex/amsmath/amstext.sty
Package: amstext 2021/08/26 v2.01 AMS text
(/usr/share/texlive/texmf-dist/tex/latex/amsmath/amsgen.sty
File: amsgen.sty 1999/11/30 v2.0 generic functions
\@emptytoks=\toks18
\ex@=\dimen140
)) (/usr/share/texlive/texmf-dist/tex/latex/amsmath/amsbsy.sty
Package: amsbsy 1999/11/29 v1.2d Bold Symbols
LaTeX Info: Redefining \boldsymbol on input line 28.
\pmbraise@=\dimen141
) (/usr/share/texlive/texmf-dist/tex/latex/amsmath/amsopn.sty
Package: amsopn 2021/08/26 v2.02 operator names
)
\inf@bad=\count193
LaTeX Info: Redefining \frac on input line 234.
\uproot@=\count194
\leftroot@=\count195
LaTeX Info: Redefining \overline on input line 399.
\classnum@=\count196
\DOTSCASE@=\count197
LaTeX Info: Redefining \ldots on input line 496.
LaTeX Info: Redefining \dots on input line 499.
LaTeX Info: Redefining \cdots on input line 620.
\Mathstrutbox@=\box50
\strutbox@=\box51
\big@size=\dimen142
LaTeX Font Info:    Redeclaring font encoding OML on input line 743.
LaTeX Font Info:    Redeclaring font encoding OMS on input line 744.
\macc@depth=\count198
\c@MaxMatrixCols=\count199
\dotsspace@=\muskip17
\c@parentequation=\count266
\dspbrk@lvl=\count267
\tag@help=\toks19
\row@=\count268
\column@=\count269
\maxfields@=\count270
\andhelp@=\toks20
\eqnshift@=\dimen143
\alignsep@=\dimen144
\tagshift@=\dimen145
\tagwidth@=\dimen146
\totwidth@=\dimen147
\lineht@=\dimen148
\@envbody=\toks21
\multlinegap=\skip48
\multlinetaggap=\skip49
\mathdisplay@stack=\toks22
LaTeX Info: Redefining \[ on input line 2938.
LaTeX Info: Redefining \] on input line 2939.
)
\mathindent=\skip50
(/usr/share/texlive/texmf-dist/tex/latex/amscls/amsthm.sty
Package: amsthm 2020/05/29 v2.20.6
\thm@style=\toks23
\thm@bodyfont=\toks24
\thm@headfont=\toks25
\thm@notefont=\toks26
\thm@headpunct=\toks27
\thm@preskip=\skip51
\thm@postskip=\skip52
\thm@headsep=\skip53
\dth@everypar=\toks28
) (/usr/share/texlive/texmf-dist/tex/latex/natbib/natbib.sty
Package: natbib 2010/09/13 8.31b (PWD, AO)
\bibhang=\skip54
\bibsep=\skip55
LaTeX Info: Redefining \cite on input line 694.
\c@NAT@ctr=\count271
)
\c@figure=\count272
\c@table=\count273
\tablewidth=\dimen149
\c@tabnote=\count274
\c@econsocart@legend@count=\count275
\c@author=\count276
\c@address=\count277
\sv@mathsurround=\dimen150
\@tempcntc=\count278
\@tempcntd=\count279
\@tempcnte=\count280
\fm@box=\box52
\fm@size=\dimen151
\t@xtheight=\dimen152
\c@econsocartaddressref=\count281
\abstract@box=\box53
\keyword@box=\box54
\pre@kwd@depth=\dimen153
\authors@list=\toks29
\keywords@list=\toks30
) (/usr/share/texlive/texmf-dist/tex/latex/hyperref/hyperref.sty
Package: hyperref 2021-06-07 v7.00m Hypertext links for LaTeX
(/usr/share/texlive/texmf-dist/tex/generic/ltxcmds/ltxcmds.sty
Package: ltxcmds 2020-05-10 v1.25 LaTeX kernel commands for general use (HO)
) (/usr/share/texlive/texmf-dist/tex/generic/iftex/iftex.sty
Package: iftex 2020/03/06 v1.0d TeX engine tests
) (/usr/share/texlive/texmf-dist/tex/generic/pdftexcmds/pdftexcmds.sty
Package: pdftexcmds 2020-06-27 v0.33 Utility functions of pdfTeX for LuaTeX (HO
)
(/usr/share/texlive/texmf-dist/tex/generic/infwarerr/infwarerr.sty
Package: infwarerr 2019/12/03 v1.5 Providing info/warning/error messages (HO)
)
Package pdftexcmds Info: \pdf@primitive is available.
Package pdftexcmds Info: \pdf@ifprimitive is available.
Package pdftexcmds Info: \pdfdraftmode not found.
) (/usr/share/texlive/texmf-dist/tex/generic/kvsetkeys/kvsetkeys.sty
Package: kvsetkeys 2019/12/15 v1.18 Key value parser (HO)
) (/usr/share/texlive/texmf-dist/tex/generic/kvdefinekeys/kvdefinekeys.sty
Package: kvdefinekeys 2019-12-19 v1.6 Define keys (HO)
) (/usr/share/texlive/texmf-dist/tex/generic/pdfescape/pdfescape.sty
Package: pdfescape 2019/12/09 v1.15 Implements pdfTeX's escape features (HO)
) (/usr/share/texlive/texmf-dist/tex/latex/hycolor/hycolor.sty
Package: hycolor 2020-01-27 v1.10 Color options for hyperref/bookmark (HO)
) (/usr/share/texlive/texmf-dist/tex/latex/letltxmacro/letltxmacro.sty
Package: letltxmacro 2019/12/03 v1.6 Let assignment for LaTeX macros (HO)
) (/usr/share/texlive/texmf-dist/tex/latex/auxhook/auxhook.sty
Package: auxhook 2019-12-17 v1.6 Hooks for auxiliary files (HO)
) (/usr/share/texlive/texmf-dist/tex/latex/kvoptions/kvoptions.sty
Package: kvoptions 2020-10-07 v3.14 Key value format for package options (HO)
)
\@linkdim=\dimen154
\Hy@linkcounter=\count282
\Hy@pagecounter=\count283
(/usr/share/texlive/texmf-dist/tex/latex/hyperref/pd1enc.def
File: pd1enc.def 2021-06-07 v7.00m Hyperref: PDFDocEncoding definition (HO)
) (/usr/share/texlive/texmf-dist/tex/latex/hyperref/hyperref-langpatches.def
File: hyperref-langpatches.def 2021-06-07 v7.00m Hyperref: patches for babel la
nguages
) (/usr/share/texlive/texmf-dist/tex/generic/intcalc/intcalc.sty
Package: intcalc 2019/12/15 v1.3 Expandable calculations with integers (HO)
) (/usr/share/texlive/texmf-dist/tex/generic/etexcmds/etexcmds.sty
Package: etexcmds 2019/12/15 v1.7 Avoid name clashes with e-TeX commands (HO)
)
\Hy@SavedSpaceFactor=\count284
(/usr/share/texlive/texmf-dist/tex/latex/hyperref/puenc.def
File: puenc.def 2021-06-07 v7.00m Hyperref: PDF Unicode definition (HO)
)
Package hyperref Info: Option `final' set `true' on input line 4073.
Package hyperref Info: Option `setpagesize' set `false' on input line 4073.
Package hyperref Info: Option `colorlinks' set `true' on input line 4073.
Package hyperref Info: Hyper figures OFF on input line 4192.
Package hyperref Info: Link nesting OFF on input line 4197.
Package hyperref Info: Hyper index ON on input line 4200.
Package hyperref Info: Plain pages OFF on input line 4207.
Package hyperref Info: Backreferencing ON on input line 4210.
Package hyperref Info: Implicit mode ON; LaTeX internals redefined.
Package hyperref Info: Bookmarks ON on input line 4445.
(/usr/share/texlive/texmf-dist/tex/latex/hyperref/backref.sty
Package: backref 2021/02/04 v1.41 Bibliographical back referencing
(/usr/share/texlive/texmf-dist/tex/latex/rerunfilecheck/rerunfilecheck.sty
Package: rerunfilecheck 2019/12/05 v1.9 Rerun checks for auxiliary files (HO)
(/usr/share/texlive/texmf-dist/tex/latex/base/atveryend-ltx.sty
Package: atveryend-ltx 2020/08/19 v1.0a Emulation of the original atveryend pac
kage
with kernel methods
) (/usr/share/texlive/texmf-dist/tex/generic/uniquecounter/uniquecounter.sty
Package: uniquecounter 2019/12/15 v1.4 Provide unlimited unique counter (HO)
(/usr/share/texlive/texmf-dist/tex/generic/bigintcalc/bigintcalc.sty
Package: bigintcalc 2019/12/15 v1.5 Expandable calculations on big integers (HO
)
))
Package uniquecounter Info: New unique counter `rerunfilecheck' on input line 2
86.
))
\c@Hy@tempcnt=\count285
LaTeX Info: Redefining \url on input line 4804.
\XeTeXLinkMargin=\dimen155
(/usr/share/texlive/texmf-dist/tex/generic/bitset/bitset.sty
Package: bitset 2019/12/09 v1.3 Handle bit-vector datatype (HO)
)
\Fld@menulength=\count286
\Field@Width=\dimen156
\Fld@charsize=\dimen157
Package hyperref Info: Hyper figures OFF on input line 6076.
Package hyperref Info: Link nesting OFF on input line 6081.
Package hyperref Info: Hyper index ON on input line 6084.
Package hyperref Info: backreferencing ON on input line 6089.
Package hyperref Info: Link coloring ON on input line 6094.
Package hyperref Info: Link coloring with OCG OFF on input line 6101.
Package hyperref Info: PDF/A mode OFF on input line 6106.
LaTeX Info: Redefining \ref on input line 6146.
LaTeX Info: Redefining \pageref on input line 6150.
(/usr/share/texlive/texmf-dist/tex/latex/base/atbegshi-ltx.sty
Package: atbegshi-ltx 2021/01/10 v1.0c Emulation of the original atbegshi
package with kernel methods
)
\Hy@abspage=\count287
\c@Item=\count288
\c@Hfootnote=\count289
)
Package hyperref Info: Driver (autodetected): hxetex.
(/usr/share/texlive/texmf-dist/tex/latex/hyperref/hxetex.def
File: hxetex.def 2021-06-07 v7.00m Hyperref driver for XeTeX
(/usr/share/texlive/texmf-dist/tex/generic/stringenc/stringenc.sty
Package: stringenc 2019/11/29 v1.12 Convert strings between diff. encodings (HO
)
)
\pdfm@box=\box55
\c@Hy@AnnotLevel=\count290
\HyField@AnnotCount=\count291
\Fld@listcount=\count292
\c@bookmark@seq@number=\count293
\Hy@SectionHShift=\skip56
)

./sample.tex:65: LaTeX Error: Command \LaTeXe already defined.
               Or name \end... illegal, see p.192 of the manual.

See the LaTeX manual or LaTeX Companion for explanation.
Type  H <return>  for immediate help.
 ...                                              
                                                  
l.65 \newcommand{\LaTeXe}{\LaTeX2\varepsilon}
                                             
Your command was ignored.
Type  I <command> <return>  to replace it with another command,
or  <return>  to continue without it.

\c@theorem=\count294
\c@corollary=\count295
\c@proposition=\count296
\c@definition=\count297
\c@example=\count298
\c@remark=\count299
\c@axiom=\count300
\c@conjecture=\count301
\c@observation=\count302
(/usr/share/texlive/texmf-dist/tex/latex/l3backend/l3backend-xetex.def
File: l3backend-xetex.def 2022-01-12 L3 backend support: XeTeX
(|extractbb --version)
\c__kernel_sys_dvipdfmx_version_int=\count303
\l__color_backend_stack_int=\count304
\g__color_backend_stack_int=\count305
\g__graphics_track_int=\count306
\l__pdf_internal_box=\box56
\g__pdf_backend_object_int=\count307
\g__pdf_backend_annotation_int=\count308
\g__pdf_backend_link_int=\count309
)

LaTeX Warning: Unused global option(s):
    [nameyear].

(./sample.aux

LaTeX Warning: Label `e{{ loop.index }}@email' multiply defined.


LaTeX Warning: Label `e{{ loop.index }}@email' multiply defined.


LaTeX Warning: Label `appn' multiply defined.

)
\openout1 = `sample.aux'.

LaTeX Font Info:    Checking defaults for OML/cmm/m/it on input line 86.
LaTeX Font Info:    ... okay on input line 86.
LaTeX Font Info:    Checking defaults for OMS/cmsy/m/n on input line 86.
LaTeX Font Info:    ... okay on input line 86.
LaTeX Font Info:    Checking defaults for OT1/cmr/m/n on input line 86.
LaTeX Font Info:    ... okay on input line 86.
LaTeX Font Info:    Checking defaults for T1/cmr/m/n on input line 86.
LaTeX Font Info:    ... okay on input line 86.
LaTeX Font Info:    Checking defaults for TS1/cmr/m/n on input line 86.
LaTeX Font Info:    ... okay on input line 86.
LaTeX Font Info:    Checking defaults for TU/lmr/m/n on input line 86.
LaTeX Font Info:    ... okay on input line 86.
LaTeX Font Info:    Checking defaults for OMX/cmex/m/n on input line 86.
LaTeX Font Info:    ... okay on input line 86.
LaTeX Font Info:    Checking defaults for U/cmr/m/n on input line 86.
LaTeX Font Info:    ... okay on input line 86.
LaTeX Font Info:    Checking defaults for PD1/pdf/m/n on input line 86.
LaTeX Font Info:    ... okay on input line 86.
LaTeX Font Info:    Checking defaults for PU/pdf/m/n on input line 86.
LaTeX Font Info:    ... okay on input line 86.
(/usr/share/texlive/texmf-dist/tex/latex/graphics/color.sty
Package: color 2021/12/07 v1.3c Standard LaTeX Color (DPC)
(/usr/share/texlive/texmf-dist/tex/latex/graphics-cfg/color.cfg
File: color.cfg 2016/01/02 v1.6 sample color configuration
)
Package color Info: Driver file: xetex.def on input line 149.
)
Package hyperref Info: Link coloring ON on input line 86.
(/usr/share/texlive/texmf-dist/tex/latex/hyperref/nameref.sty
Package: nameref 2021-04-02 v2.47 Cross-referencing by name of section
(/usr/share/texlive/texmf-dist/tex/latex/refcount/refcount.sty
Package: refcount 2019/12/15 v3.6 Data extraction from label references (HO)
) (/usr/share/texlive/texmf-dist/tex/generic/gettitlestring/gettitlestring.sty
Package: gettitlestring 2019/12/15 v1.6 Cleanup title references (HO)
)
\c@section@level=\count310
)
LaTeX Info: Redefining \ref on input line 86.
LaTeX Info: Redefining \pageref on input line 86.
LaTeX Info: Redefining \nameref on input line 86.
(./sample.out) (./sample.out)
\@outlinefile=\write3
\openout3 = `sample.out'.

Package backref Info: ** backref set up for natbib ** on input line 86.
LaTeX Font Info:    Calculating math sizes for size <10.08> on input line 90.
LaTeX Font Info:    Trying to load font information for U+msa on input line 90.

(/usr/share/texlive/texmf-dist/tex/latex/amsfonts/umsa.fd
File: umsa.fd 2013/01/14 v3.01 AMS symbols A
)
LaTeX Font Info:    Trying to load font information for U+msb on input line 90.

(/usr/share/texlive/texmf-dist/tex/latex/amsfonts/umsb.fd
File: umsb.fd 2013/01/14 v3.01 AMS symbols B
)

./sample.tex:102: Class econsocart Error: there is no address with label: [obje
ct Object].

See the econsocart class documentation for explanation.
Type  H <return>  for immediate help.
 ...                                              
                                                  
l.102 ...=e{{ loop.index }}]{first@somewhere.com}}
                                                  
Try typing  <return>  to proceed.
If that doesn't work, type  X <return>  to quit.


./sample.tex:102: Class econsocart Error: there is no address with label: [obje
ct Object].

See the econsocart class documentation for explanation.
Type  H <return>  for immediate help.
 ...                                              
                                                  
l.102 ...=e{{ loop.index }}]{first@somewhere.com}}
                                                  
Try typing  <return>  to proceed.
If that doesn't work, type  X <return>  to quit.

./sample.tex:102: Missing \endcsname inserted.
<to be read again> 
                   \econsocart@address@idnum@[object Object] 
l.102 ...=e{{ loop.index }}]{first@somewhere.com}}
                                                  
The control sequence marked <to be read again> should
not appear between \csname and \endcsname.


./sample.tex:102: Class econsocart Error: there is no address with number: \eco
nsocart@address@idnum@[object Object] .

See the econsocart class documentation for explanation.
Type  H <return>  for immediate help.
 ...                                              
                                                  
l.102 ...=e{{ loop.index }}]{first@somewhere.com}}
                                                  
Try typing  <return>  to proceed.
If that doesn't work, type  X <return>  to quit.

./sample.tex:102: Missing \endcsname inserted.
<to be read again> 
                   \econsocart@address@idnum@[object Object] 
l.102 ...=e{{ loop.index }}]{first@somewhere.com}}
                                                  
The control sequence marked <to be read again> should
not appear between \csname and \endcsname.

./sample.tex:102: Extra \endcsname.
\@nameuse #1->\csname #1\endcsname 
                                   
l.102 ...=e{{ loop.index }}]{first@somewhere.com}}
                                                  
I'm ignoring this, since I wasn't doing a \csname.

./sample.tex:102: Missing \endcsname inserted.
<to be read again> 
                   \econsocart@address@idnum@[object Object] 
l.102 ...=e{{ loop.index }}]{first@somewhere.com}}
                                                  
The control sequence marked <to be read again> should
not appear between \csname and \endcsname.


./sample.tex:102: Class econsocart Error: there is no address with number: \eco
nsocart@address@idnum@[object Object] .

See the econsocart class documentation for explanation.
Type  H <return>  for immediate help.
 ...                                              
                                                  
l.102 ...=e{{ loop.index }}]{first@somewhere.com}}
                                                  
Try typing  <return>  to proceed.
If that doesn't work, type  X <return>  to quit.

./sample.tex:102: Missing \endcsname inserted.
<to be read again> 
                   \econsocart@address@idnum@[object Object] 
l.102 ...=e{{ loop.index }}]{first@somewhere.com}}
                                                  
The control sequence marked <to be read again> should
not appear between \csname and \endcsname.

./sample.tex:102: Extra \endcsname.
\@nameuse #1->\csname #1\endcsname 
                                   
l.102 ...=e{{ loop.index }}]{first@somewhere.com}}
                                                  
I'm ignoring this, since I wasn't doing a \csname.


./sample.tex:104: Class econsocart Error: there is no address with label: [obje
ct Object].

See the econsocart class documentation for explanation.
Type  H <return>  for immediate help.
 ...                                              
                                                  
l.104 ...e{{ loop.index }}]{second@somewhere.com}}
                                                  
Try typing  <return>  to proceed.
If that doesn't work, type  X <return>  to quit.

./sample.tex:104: Missing \endcsname inserted.
<to be read again> 
                   \econsocart@address@idnum@[object Object] 
l.104 ...e{{ loop.index }}]{second@somewhere.com}}
                                                  
The control sequence marked <to be read again> should
not appear between \csname and \endcsname.


./sample.tex:104: Class econsocart Error: there is no address with number: \eco
nsocart@address@idnum@[object Object] .

See the econsocart class documentation for explanation.
Type  H <return>  for immediate help.
 ...                                              
                                                  
l.104 ...e{{ loop.index }}]{second@somewhere.com}}
                                                  
Try typing  <return>  to proceed.
If that doesn't work, type  X <return>  to quit.

./sample.tex:104: Missing \endcsname inserted.
<to be read again> 
                   \econsocart@address@idnum@[object Object] 
l.104 ...e{{ loop.index }}]{second@somewhere.com}}
                                                  
The control sequence marked <to be read again> should
not appear between \csname and \endcsname.

./sample.tex:104: Extra \endcsname.
\@nameuse #1->\csname #1\endcsname 
                                   
l.104 ...e{{ loop.index }}]{second@somewhere.com}}
                                                  
I'm ignoring this, since I wasn't doing a \csname.


./sample.tex:106: Class econsocart Error: there is no address with label: [obje
ct Object].

See the econsocart class documentation for explanation.
Type  H <return>  for immediate help.
 ...                                              
                                                  
l.106 ...=e{{ loop.index }}]{third@somewhere.com}}
                                                  
Try typing  <return>  to proceed.
If that doesn't work, type  X <return>  to quit.

./sample.tex:106: Missing \endcsname inserted.
<to be read again> 
                   \econsocart@address@idnum@[object Object] 
l.106 ...=e{{ loop.index }}]{third@somewhere.com}}
                                                  
The control sequence marked <to be read again> should
not appear between \csname and \endcsname.


./sample.tex:106: Class econsocart Error: there is no address with number: \eco
nsocart@address@idnum@[object Object] .

See the econsocart class documentation for explanation.
Type  H <return>  for immediate help.
 ...                                              
                                                  
l.106 ...=e{{ loop.index }}]{third@somewhere.com}}
                                                  
Try typing  <return>  to proceed.
If that doesn't work, type  X <return>  to quit.

./sample.tex:106: Missing \endcsname inserted.
<to be read again> 
                   \econsocart@address@idnum@[object Object] 
l.106 ...=e{{ loop.index }}]{third@somewhere.com}}
                                                  
The control sequence marked <to be read again> should
not appear between \csname and \endcsname.

./sample.tex:106: Extra \endcsname.
\@nameuse #1->\csname #1\endcsname 
                                   
l.106 ...=e{{ loop.index }}]{third@somewhere.com}}
                                                  
I'm ignoring this, since I wasn't doing a \csname.

LaTeX Font Info:    Calculating math sizes for size <8.28> on input line 107.

Package hyperref Warning: Ignoring empty anchor on input line 107.


Package hyperref Warning: Ignoring empty anchor on input line 107.


Package hyperref Warning: Ignoring empty anchor on input line 107.


Package hyperref Warning: Ignoring empty anchor on input line 129.

./sample.tex:138: You can't use `\spacefactor' in math mode.
\@->\spacefactor 
                 \@m {}
l.138 ...nal cases). Please do not use any $\LaTeX
                                                  $ or $\TeX$ commands that ...
Sorry, but I'm not programmed to handle this case;
I'll just pretend that you didn't ask for it.
If you're in the wrong mode, you might be able to
return to the right one by typing `I}' or `I$' or `I\par'.

Missing character: There is no è ("E8) in font cmex10!
./sample.tex:138: You can't use `\spacefactor' in math mode.
\@->\spacefactor 
                 \@m {}
l.138 .... Please do not use any $\LaTeX$ or $\TeX
                                                  $ commands that affect the...
Sorry, but I'm not programmed to handle this case;
I'll just pretend that you didn't ask for it.
If you're in the wrong mode, you might be able to
return to the right one by typing `I}' or `I$' or `I\par'.

Missing character: There is no è ("E8) in font cmex10!
LaTeX Font Info:    Trying to load font information for T1+pcr on input line 13
8.
(/usr/share/texlive/texmf-dist/tex/latex/psnfss/t1pcr.fd
File: t1pcr.fd 2001/06/04 font definitions for T1/pcr.
)
LaTeX Font Info:    Trying to load font information for TS1+put on input line 1
64.
(/usr/share/texlive/texmf-dist/tex/latex/psnfss/ts1put.fd
File: ts1put.fd 2001/06/04 font definitions for TS1/put.
) [1]
./sample.tex:167: You can't use `\spacefactor' in math mode.
\@->\spacefactor 
                 \@m {}
l.167 ...he second item of the inner list. $\LaTeX
                                                  $ allows you to nest lists...
Sorry, but I'm not programmed to handle this case;
I'll just pretend that you didn't ask for it.
If you're in the wrong mode, you might be able to
return to the right one by typing `I}' or `I$' or `I\par'.

Missing character: There is no è ("E8) in font cmex10!
[2]
LaTeX Font Info:    Trying to load font information for T1+phv on input line 23
1.
(/usr/share/texlive/texmf-dist/tex/latex/psnfss/t1phv.fd
File: t1phv.fd 2020/03/25 scalable font definitions for T1/phv.
)
LaTeX Font Info:    Font shape `T1/phv/m/n' will be
(Font)              scaled to size 9.07193pt on input line 231.
LaTeX Font Info:    Trying to load font information for U+euf on input line 246
.
(/usr/share/texlive/texmf-dist/tex/latex/amsfonts/ueuf.fd
File: ueuf.fd 2013/01/14 v3.01 Euler Fraktur
) [3]
LaTeX Font Info:    Font shape `T1/pcr/m/it' in size <10.08> not available
(Font)              Font shape `T1/pcr/m/sl' tried instead on input line 285.
[4]

LaTeX Warning: Reference `e7' on page 5 undefined on input line 319.

Runaway argument?
 \mu _{\text {normal}} & = \mu _{x} \frac {C_{s}}{K_{x}C_{x}+C_{s}} \nonumber \
ETC.
./sample.tex:349: Paragraph ended before \align was complete.
<to be read again> 
                   \par 
l.349 
      
I suspect you've forgotten a `}', causing me to apply this
control sequence to too much text. How can we recover?
My plan is to forget the whole thing and hope for the best.

./sample.tex:349: Missing $ inserted.
<inserted text> 
                $
l.349 
      
I've inserted a begin-math/end-math symbol since I think
you left one out. Proceed, with fingers crossed.

./sample.tex:349: Missing \endgroup inserted.
<inserted text> 
                \endgroup 
l.349 
      
I've inserted something that you may have forgotten.
(See the <inserted text> above.)
With luck, this will get me unwedged. But if you
really didn't forget anything, try typing `2' now; then
my insertion and my current dilemma will both disappear.

./sample.tex:349: Display math should end with $$.
<to be read again> 
                   \tex_par:D 
l.349 
      
The `$' that I just saw supposedly matches a previous `$$'.
So I shall assume that you typed `$$' both times.

./sample.tex:350: Misplaced \cr.
\math@cr@@@ ->\cr 
                  
l.350 \end{align}
                 
I can't figure out why you would want to use a tab mark
or \cr or \span just now. If something like a right brace
up above has ended a previous alignment prematurely,
you're probably due for more error messages, and you
might try typing `S' now just to see what is salvageable.

./sample.tex:350: Misplaced \noalign.
\math@cr@@ ... \iffalse }\fi \math@cr@@@ \noalign 
                                                  {\vskip #1\relax }
l.350 \end{align}
                 
I expect to see \noalign only after the \cr of
an alignment. Proceed, and I'll ignore this case.

./sample.tex:350: Misplaced \noalign.
\black@ #1->\noalign 
                     {\ifdim #1>\displaywidth \dimen@ \prevdepth \nointerlin...
l.350 \end{align}
                 
I expect to see \noalign only after the \cr of
an alignment. Proceed, and I'll ignore this case.


Overfull \hbox (85.20729pt too wide) detected at line 350
[]
 []

./sample.tex:350: Extra }, or forgotten \endgroup.
\endalign ->\math@cr \black@ \totwidth@ \egroup 
                                                \ifingather@ \restorealignst...
l.350 \end{align}
                 
I've deleted a group-closing symbol because it seems to be
spurious, as in `$x}$'. But perhaps the } is legitimate and
you forgot something else, as in `\hbox{$x}'. In such cases
the way to recover is to insert both the forgotten and the
deleted material, e.g., by typing `I$}'.

./sample.tex:350: Missing $ inserted.
<inserted text> 
                $
l.350 \end{align}
                 
I've inserted something that you may have forgotten.
(See the <inserted text> above.)
With luck, this will get me unwedged. But if you
really didn't forget anything, try typing `2' now; then
my insertion and my current dilemma will both disappear.

./sample.tex:350: Display math should end with $$.
<to be read again> 
                   \endgroup 
l.350 \end{align}
                 
The `$' that I just saw supposedly matches a previous `$$'.
So I shall assume that you typed `$$' both times.

[5]
LaTeX Font Info:    Calculating math sizes for size <9.2> on input line 365.
./sample.tex:421: Undefined control sequence.
l.421 \tablelegend
                  {Sample posterior estimates for each model.}
The control sequence at the end of the top line
of your error message was never \def'ed. If you have
misspelled it (e.g., `\hobx'), type `I' and the correct
spelling (e.g., `I\hbox'). Otherwise just continue,
and I'll forget about whatever was undefined.

File: files/figure_sample-9969f7ce83df78ffdf8e06d9407d8e40.pdf Graphic file (ty
pe pdf)
<use files/figure_sample-9969f7ce83df78ffdf8e06d9407d8e40.pdf>

LaTeX Font Warning: Font shape `T1/put/m/scit' undefined
(Font)              using `T1/put/m/sc' instead on input line 435.


Underfull \vbox (badness 1152) has occurred while \output is active []

[6]

LaTeX Font Warning: Font shape `T1/put/m/scit' undefined
(Font)              using `T1/put/m/sc' instead on input line 440.


LaTeX Font Warning: Font shape `T1/put/m/scit' undefined
(Font)              using `T1/put/m/sc' instead on input line 445.


LaTeX Font Warning: Font shape `T1/put/m/scit' undefined
(Font)              using `T1/put/m/sc' instead on input line 449.

./sample.tex:449: You can't use `\spacefactor' in math mode.
\@->\spacefactor 
                 \@m {}
l.449 ...to them in text. Use the standard $\LaTeX
                                                  $ commands for headings in...
Sorry, but I'm not programmed to handle this case;
I'll just pretend that you didn't ask for it.
If you're in the wrong mode, you might be able to
return to the right one by typing `I}' or `I$' or `I\par'.

Missing character: There is no è ("E8) in font cmex10!
(./sample.bbl (./sample.brf)
\tf@brf=\write4
\openout4 = `sample.brf'.

Package textcomp Info: Symbol \textasciigrave not provided by
(textcomp)             font family put in TS1 encoding.
(textcomp)             Default family used instead on input line 23.
[7])
./sample.tex:467: Undefined control sequence.
\@coeditor ->\fnms 
                   {[Name} \snm {Surname}; will be inserted later]
l.467 \end{document}
                    
The control sequence at the end of the top line
of your error message was never \def'ed. If you have
misspelled it (e.g., `\hobx'), type `I' and the correct
spelling (e.g., `I\hbox'). Otherwise just continue,
and I'll forget about whatever was undefined.


Underfull \hbox (badness 10000) in paragraph at lines 467--467

 []

[8] (./sample.aux)

LaTeX Warning: There were undefined references.


LaTeX Warning: There were multiply-defined labels.

Package rerunfilecheck Info: File `sample.out' has not changed.
(rerunfilecheck)             Checksum: 211915A3C52B532543F6C1C920D9B67C;3183.
Package rerunfilecheck Info: File `sample.brf' has not changed.
(rerunfilecheck)             Checksum: F0E55DB45D8B2905A57E3205C8869600;430.
 ) 
Here is how much of TeX's memory you used:
 11921 strings out of 478190
 184862 string characters out of 5854814
 487675 words of memory out of 5000000
 32325 multiletter control sequences out of 15000+600000
 631078 words of font info for 173 fonts, out of 8000000 for 9000
 14 hyphenation exceptions out of 8191
 87i,10n,90p,532b,467s stack positions out of 5000i,500n,10000p,200000b,80000s

Output written on sample.xdv (8 pages, 41044 bytes).
